[ *** ] Start Time: Wed Nov 07 01:25:24 UTC 2018
[ *** ] Creating HBase Configuration cluster 1
connection created[ ****** ] define schema table emp [ ****** ] define schema table customer_info [ ****** ] Create DataFrame table emp [ ****** ] Create DataFrame table customer_info [ ****** ] declare DataFrame for table customer_info [ ****** ] declare DataFrame for table customer_info_debug [ ****** ] here is the dataframe contain: +-------+--------------------+
|    key|              custid|
+-------+--------------------+
|      0|[level -> diamond...|
|      1|[level -> diamond...|
|     10|[level -> platimu...|
|    100|[level -> gold, c...|
|   1000|[level -> diamond...|
|  10000|[level -> gold, c...|
| 100000|[level -> gold, c...|
| 100001|[level -> silver,...|
|1000010|[gender -> test_1...|
| 100002|[level -> gold, c...|
+-------+--------------------+
only showing top 10 rows

+------+--------------------+
|   key|              custid|
+------+--------------------+
|     0|[level -> diamond...|
|     1|[level -> diamond...|
|    10|[level -> platimu...|
|   100|[level -> gold, c...|
|  1000|[level -> diamond...|
| 10000|[custid -> 539862...|
|100000|[level -> gold, c...|
|100001|[level -> silver,...|
|100002|[level -> gold, c...|
|100003|[level -> gold, c...|
+------+--------------------+
only showing top 10 rows

[ *** ] Selective Differences